<?xml version="1.0" encoding="UTF-8"?>
<robot generator="Robot 4.1.3 (Python 3.10.2 on win32)" generated="20220210 11:06:25.011" rpa="false" schemaversion="2">
<suite id="s1" name="Demo2 Suite" source="D:\robot_project\robot_suite\demo2_suite.robot">
<test id="s1-t1" name="TC4">
<kw name="Log To Console" library="BuiltIn">
<arg>${Employee1}</arg>
<doc>Logs the given message to the console.</doc>
<status status="PASS" starttime="20220210 11:06:25.171" endtime="20220210 11:06:25.179"/>
</kw>
<kw name="Log To Console" library="BuiltIn">
<arg>${Employee1}[empfname]</arg>
<doc>Logs the given message to the console.</doc>
<status status="PASS" starttime="20220210 11:06:25.188" endtime="20220210 11:06:25.191"/>
</kw>
<kw name="Log To Console" library="BuiltIn">
<arg>${Employee1}[emplname]</arg>
<doc>Logs the given message to the console.</doc>
<status status="PASS" starttime="20220210 11:06:25.194" endtime="20220210 11:06:25.197"/>
</kw>
<kw name="Log To Console" library="BuiltIn">
<arg>The employee age is ${Employee1}[age]</arg>
<doc>Logs the given message to the console.</doc>
<status status="PASS" starttime="20220210 11:06:25.198" endtime="20220210 11:06:25.206"/>
</kw>
<kw name="Log Dictionary" library="Collections">
<arg>${Employee1}</arg>
<doc>Logs the size and contents of the ``dictionary`` using given ``level``.</doc>
<msg timestamp="20220210 11:06:25.213" level="INFO">Dictionary size is 4 and it contains following items:
age: 22
empfname: Nandini
empid: 101
emplname: c</msg>
<status status="PASS" starttime="20220210 11:06:25.208" endtime="20220210 11:06:25.213"/>
</kw>
<kw name="Log List" library="Collections">
<arg>${COLORS}</arg>
<doc>Logs the length and contents of the ``list`` using given ``level``.</doc>
<msg timestamp="20220210 11:06:25.217" level="INFO">List length is 5 and it contains following items:
0: red
1: green
2: yellow
3: black
4: blue pink</msg>
<status status="PASS" starttime="20220210 11:06:25.217" endtime="20220210 11:06:25.219"/>
</kw>
<kw name="Comment" library="BuiltIn">
<arg>learnt the scalar,list,dic</arg>
<doc>Displays the given messages in the log file as keyword arguments.</doc>
<status status="PASS" starttime="20220210 11:06:25.226" endtime="20220210 11:06:25.228"/>
</kw>
<status status="PASS" starttime="20220210 11:06:25.166" endtime="20220210 11:06:25.229"/>
</test>
<status status="PASS" starttime="20220210 11:06:25.014" endtime="20220210 11:06:25.236"/>
</suite>
<statistics>
<total>
<stat pass="1" fail="0" skip="0">All Tests</stat>
</total>
<tag>
</tag>
<suite>
<stat pass="1" fail="0" skip="0" id="s1" name="Demo2 Suite">Demo2 Suite</stat>
</suite>
</statistics>
<errors>
</errors>
</robot>
