<?xml version="1.0" encoding="UTF-8"?>
<robot generator="Robot 4.1.3 (Python 3.10.2 on win32)" generated="20220208 22:59:12.033" rpa="false" schemaversion="2">
<suite id="s1" name="Selenium Suite" source="D:\robot_project\selenium_suite">
<suite id="s1-s1" name="Orange Hrm Suite" source="D:\robot_project\selenium_suite\orange_hrm_suite.robot">
<test id="s1-s1-t1" name="TC1 Valid Login">
<kw name="Append To Environment Variable" library="OperatingSystem">
<arg>path</arg>
<arg>${EXECDIR}${/}drivers</arg>
<doc>Appends given ``values`` to environment variable ``name``.</doc>
<msg timestamp="20220208 22:59:12.379" level="INFO">Environment variable 'path' set to value 'C:\Windows\system32;C:\Windows;C:\Windows\System32\Wbem;C:\Program Files\Java;C:\Windows\System32\OpenSSH\;C:\Users\A1 - PC\AppData\Local\Programs\Python\Python310;C:\Program Files\Java\jdk1.8.0_241\bin;C:\Program Files\JetBrains\PyCharm Community Edition 2021.3.1\bin;;C:\Users\A1 - PC\AppData\Local\Programs\Python\Python310;C:\Users\A1 - PC\AppData\Local\Programs\Python\Python310\scripts;;D:\robot_project\drivers'.</msg>
<status status="PASS" starttime="20220208 22:59:12.378" endtime="20220208 22:59:12.379"/>
</kw>
<kw name="Open Browser" library="SeleniumLibrary">
<arg>url=https://opensource-demo.orangehrmlive.com/</arg>
<arg>browser=chrome</arg>
<doc>Opens a new browser instance to the optional ``url``.</doc>
<msg timestamp="20220208 22:59:12.380" level="INFO">Opening browser 'chrome' to base url 'https://opensource-demo.orangehrmlive.com/'.</msg>
<status status="PASS" starttime="20220208 22:59:12.380" endtime="20220208 22:59:22.792"/>
</kw>
<kw name="Input Text" library="SeleniumLibrary">
<arg>id=txtUsername</arg>
<arg>Admin</arg>
<doc>Types the given ``text`` into the text field identified by ``locator``.</doc>
<msg timestamp="20220208 22:59:22.793" level="INFO">Typing text 'Admin' into text field 'id=txtUsername'.</msg>
<status status="PASS" starttime="20220208 22:59:22.792" endtime="20220208 22:59:22.899"/>
</kw>
<kw name="Input Password" library="SeleniumLibrary">
<arg>id=txtPassword</arg>
<arg>admin123</arg>
<doc>Types the given password into the text field identified by ``locator``.</doc>
<msg timestamp="20220208 22:59:22.900" level="INFO">Typing password into text field 'id=txtPassword'.</msg>
<msg timestamp="20220208 22:59:22.938" level="INFO">Temporally setting log level to: NONE</msg>
<msg timestamp="20220208 22:59:22.988" level="INFO">Log level changed from NONE to INFO.</msg>
<status status="PASS" starttime="20220208 22:59:22.900" endtime="20220208 22:59:22.988"/>
</kw>
<kw name="Click Element" library="SeleniumLibrary">
<arg>name=Submit</arg>
<doc>Click the element identified by ``locator``.</doc>
<msg timestamp="20220208 22:59:22.989" level="INFO">Clicking element 'name=Submit'.</msg>
<status status="PASS" starttime="20220208 22:59:22.989" endtime="20220208 22:59:28.519"/>
</kw>
<kw name="Get Location" library="SeleniumLibrary">
<var>${url}</var>
<doc>Returns the current browser window URL.</doc>
<msg timestamp="20220208 22:59:28.526" level="INFO">${url} = https://opensource-demo.orangehrmlive.com/index.php/dashboard</msg>
<status status="PASS" starttime="20220208 22:59:28.520" endtime="20220208 22:59:28.526"/>
</kw>
<kw name="Log To Console" library="BuiltIn">
<arg>${url}</arg>
<doc>Logs the given message to the console.</doc>
<status status="PASS" starttime="20220208 22:59:28.527" endtime="20220208 22:59:28.527"/>
</kw>
<kw name="Click Element" library="SeleniumLibrary">
<arg>id=welcome</arg>
<doc>Click the element identified by ``locator``.</doc>
<msg timestamp="20220208 22:59:28.528" level="INFO">Clicking element 'id=welcome'.</msg>
<status status="PASS" starttime="20220208 22:59:28.528" endtime="20220208 22:59:28.579"/>
</kw>
<kw name="Sleep" library="BuiltIn">
<arg>5s</arg>
<doc>Pauses the test executed for the given time.</doc>
<msg timestamp="20220208 22:59:33.582" level="INFO">Slept 5 seconds</msg>
<status status="PASS" starttime="20220208 22:59:28.579" endtime="20220208 22:59:33.582"/>
</kw>
<kw name="Click Element" library="SeleniumLibrary">
<arg>link=Logout</arg>
<doc>Click the element identified by ``locator``.</doc>
<msg timestamp="20220208 22:59:33.583" level="INFO">Clicking element 'link=Logout'.</msg>
<status status="PASS" starttime="20220208 22:59:33.582" endtime="20220208 22:59:34.663"/>
</kw>
<kw name="Close">
<arg>Browser</arg>
<msg timestamp="20220208 22:59:34.671" level="FAIL">No keyword with name 'Close' found.</msg>
<status status="FAIL" starttime="20220208 22:59:34.670" endtime="20220208 22:59:34.671"/>
</kw>
<status status="FAIL" starttime="20220208 22:59:12.376" endtime="20220208 22:59:34.676">No keyword with name 'Close' found.</status>
</test>
<test id="s1-s1-t2" name="TC2 Add Emergency Contact">
<kw name="Open Browser" library="SeleniumLibrary">
<arg>url=https://opensource-demo.orangehrmlive.com/</arg>
<arg>browser=chrome</arg>
<doc>Opens a new browser instance to the optional ``url``.</doc>
<msg timestamp="20220208 22:59:34.681" level="INFO">Opening browser 'chrome' to base url 'https://opensource-demo.orangehrmlive.com/'.</msg>
<status status="PASS" starttime="20220208 22:59:34.680" endtime="20220208 22:59:43.383"/>
</kw>
<kw name="Input Text" library="SeleniumLibrary">
<arg>id=txtUsername</arg>
<arg>Admin</arg>
<doc>Types the given ``text`` into the text field identified by ``locator``.</doc>
<msg timestamp="20220208 22:59:43.385" level="INFO">Typing text 'Admin' into text field 'id=txtUsername'.</msg>
<status status="PASS" starttime="20220208 22:59:43.384" endtime="20220208 22:59:43.496"/>
</kw>
<kw name="Input Password" library="SeleniumLibrary">
<arg>id=txtPassword</arg>
<arg>admin123</arg>
<doc>Types the given password into the text field identified by ``locator``.</doc>
<msg timestamp="20220208 22:59:43.498" level="INFO">Typing password into text field 'id=txtPassword'.</msg>
<msg timestamp="20220208 22:59:43.533" level="INFO">Temporally setting log level to: NONE</msg>
<msg timestamp="20220208 22:59:43.587" level="INFO">Log level changed from NONE to INFO.</msg>
<status status="PASS" starttime="20220208 22:59:43.497" endtime="20220208 22:59:43.588"/>
</kw>
<kw name="Click Element" library="SeleniumLibrary">
<arg>name=Submit</arg>
<doc>Click the element identified by ``locator``.</doc>
<msg timestamp="20220208 22:59:43.589" level="INFO">Clicking element 'name=Submit'.</msg>
<status status="PASS" starttime="20220208 22:59:43.589" endtime="20220208 22:59:49.186"/>
</kw>
<kw name="Click Element" library="SeleniumLibrary">
<arg>link=My Info</arg>
<doc>Click the element identified by ``locator``.</doc>
<msg timestamp="20220208 22:59:49.187" level="INFO">Clicking element 'link=My Info'.</msg>
<status status="PASS" starttime="20220208 22:59:49.187" endtime="20220208 22:59:51.096"/>
</kw>
<kw name="Click Element" library="SeleniumLibrary">
<arg>name=Submit</arg>
<doc>Click the element identified by ``locator``.</doc>
<msg timestamp="20220208 22:59:51.097" level="INFO">Clicking element 'name=Submit'.</msg>
<msg timestamp="20220208 22:59:51.202" level="INFO" html="true">&lt;/td&gt;&lt;/tr&gt;&lt;tr&gt;&lt;td colspan="3"&gt;&lt;a href="selenium-screenshot-20.png"&gt;&lt;img src="selenium-screenshot-20.png" width="800px"&gt;&lt;/a&gt;</msg>
<msg timestamp="20220208 22:59:51.205" level="FAIL">Element with locator 'name=Submit' not found.</msg>
<status status="FAIL" starttime="20220208 22:59:51.097" endtime="20220208 22:59:51.205"/>
</kw>
<kw name="Input Text" library="SeleniumLibrary">
<arg>id=First Name</arg>
<arg>Nandini</arg>
<doc>Types the given ``text`` into the text field identified by ``locator``.</doc>
<status status="NOT RUN" starttime="20220208 22:59:51.206" endtime="20220208 22:59:51.206"/>
</kw>
<kw name="Input Text" library="SeleniumLibrary">
<arg>id=Middle Name</arg>
<doc>Types the given ``text`` into the text field identified by ``locator``.</doc>
<status status="NOT RUN" starttime="20220208 22:59:51.206" endtime="20220208 22:59:51.206"/>
</kw>
<kw name="Input Text" library="SeleniumLibrary">
<arg>id=Last Name</arg>
<arg>C</arg>
<doc>Types the given ``text`` into the text field identified by ``locator``.</doc>
<status status="NOT RUN" starttime="20220208 22:59:51.207" endtime="20220208 22:59:51.207"/>
</kw>
<kw name="Input Text" library="SeleniumLibrary">
<arg>id=txtEmpolyee Id</arg>
<arg>400</arg>
<doc>Types the given ``text`` into the text field identified by ``locator``.</doc>
<status status="NOT RUN" starttime="20220208 22:59:51.207" endtime="20220208 22:59:51.207"/>
</kw>
<kw name="Input Text" library="SeleniumLibrary">
<arg>Other Id</arg>
<arg>-</arg>
<doc>Types the given ``text`` into the text field identified by ``locator``.</doc>
<status status="NOT RUN" starttime="20220208 22:59:51.207" endtime="20220208 22:59:51.207"/>
</kw>
<kw name="Input Text" library="SeleniumLibrary">
<arg>Driver's License Number</arg>
<arg>98798</arg>
<doc>Types the given ``text`` into the text field identified by ``locator``.</doc>
<status status="NOT RUN" starttime="20220208 22:59:51.207" endtime="20220208 22:59:51.207"/>
</kw>
<kw name="Input Text" library="SeleniumLibrary">
<arg>License Expiry Date</arg>
<doc>Types the given ``text`` into the text field identified by ``locator``.</doc>
<status status="NOT RUN" starttime="20220208 22:59:51.208" endtime="20220208 22:59:51.208"/>
</kw>
<kw name="Get Time" library="BuiltIn">
<var>${Date}</var>
<arg>04/9/2028</arg>
<doc>Returns the given time in the requested format.</doc>
<status status="NOT RUN" starttime="20220208 22:59:51.208" endtime="20220208 22:59:51.208"/>
</kw>
<kw name="Log To Console" library="BuiltIn">
<arg>${date}</arg>
<doc>Logs the given message to the console.</doc>
<status status="NOT RUN" starttime="20220208 22:59:51.209" endtime="20220208 22:59:51.209"/>
</kw>
<kw name="Input Text" library="SeleniumLibrary">
<arg>SSN Number</arg>
<arg>10020</arg>
<doc>Types the given ``text`` into the text field identified by ``locator``.</doc>
<status status="NOT RUN" starttime="20220208 22:59:51.209" endtime="20220208 22:59:51.209"/>
</kw>
<kw name="Input Text" library="SeleniumLibrary">
<arg>Gender</arg>
<arg>click Female</arg>
<doc>Types the given ``text`` into the text field identified by ``locator``.</doc>
<status status="NOT RUN" starttime="20220208 22:59:51.209" endtime="20220208 22:59:51.209"/>
</kw>
<kw name="Input Text" library="SeleniumLibrary">
<arg>Marital Status</arg>
<arg>Select</arg>
<arg>Single</arg>
<doc>Types the given ``text`` into the text field identified by ``locator``.</doc>
<status status="NOT RUN" starttime="20220208 22:59:51.210" endtime="20220208 22:59:51.210"/>
</kw>
<kw name="Input Text" library="SeleniumLibrary">
<arg>Nationality</arg>
<arg>Select</arg>
<arg>Indian</arg>
<doc>Types the given ``text`` into the text field identified by ``locator``.</doc>
<status status="NOT RUN" starttime="20220208 22:59:51.210" endtime="20220208 22:59:51.210"/>
</kw>
<kw name="Input Text" library="SeleniumLibrary">
<arg>Date of Birth</arg>
<doc>Types the given ``text`` into the text field identified by ``locator``.</doc>
<status status="NOT RUN" starttime="20220208 22:59:51.210" endtime="20220208 22:59:51.210"/>
</kw>
<kw name="Get Time" library="BuiltIn">
<var>${Date}</var>
<arg>04/08/1999</arg>
<doc>Returns the given time in the requested format.</doc>
<status status="NOT RUN" starttime="20220208 22:59:51.210" endtime="20220208 22:59:51.210"/>
</kw>
<kw name="Input Text" library="SeleniumLibrary">
<arg>Nick Name</arg>
<arg>Chandu</arg>
<doc>Types the given ``text`` into the text field identified by ``locator``.</doc>
<status status="NOT RUN" starttime="20220208 22:59:51.211" endtime="20220208 22:59:51.211"/>
</kw>
<kw name="Input Text" library="SeleniumLibrary">
<arg>Military Service</arg>
<arg>no</arg>
<doc>Types the given ``text`` into the text field identified by ``locator``.</doc>
<status status="NOT RUN" starttime="20220208 22:59:51.211" endtime="20220208 22:59:51.211"/>
</kw>
<kw name="Input Text" library="SeleniumLibrary">
<arg>name= Save</arg>
<doc>Types the given ``text`` into the text field identified by ``locator``.</doc>
<status status="NOT RUN" starttime="20220208 22:59:51.211" endtime="20220208 22:59:51.211"/>
</kw>
<status status="FAIL" starttime="20220208 22:59:34.680" endtime="20220208 22:59:51.212">Element with locator 'name=Submit' not found.</status>
</test>
<status status="FAIL" starttime="20220208 22:59:12.078" endtime="20220208 22:59:51.214"/>
</suite>
<status status="FAIL" starttime="20220208 22:59:12.042" endtime="20220208 22:59:51.219"/>
</suite>
<statistics>
<total>
<stat pass="0" fail="2" skip="0">All Tests</stat>
</total>
<tag>
</tag>
<suite>
<stat pass="0" fail="2" skip="0" id="s1" name="Selenium Suite">Selenium Suite</stat>
<stat pass="0" fail="2" skip="0" id="s1-s1" name="Orange Hrm Suite">Selenium Suite.Orange Hrm Suite</stat>
</suite>
</statistics>
<errors>
</errors>
</robot>
