<?xml version="1.0" encoding="UTF-8"?>
<robot generator="Robot 4.1.3 (Python 3.10.2 on win32)" generated="20220208 15:23:24.768" rpa="false" schemaversion="2">
<suite id="s1" name="Demo1" source="D:\robot_project\robot_suite\demo1.robot">
<test id="s1-t1" name="TC1 Print Name">
<kw name="Log To Console" library="BuiltIn">
<arg>hello,</arg>
<doc>Logs the given message to the console.</doc>
<status status="PASS" starttime="20220208 15:23:24.854" endtime="20220208 15:23:24.855"/>
</kw>
<status status="PASS" starttime="20220208 15:23:24.854" endtime="20220208 15:23:24.856"/>
</test>
<test id="s1-t2" name="TC2 Print Date">
<kw name="Get Time" library="BuiltIn">
<var>${Date}</var>
<arg>Current Date</arg>
<doc>Returns the given time in the requested format.</doc>
<msg timestamp="20220208 15:23:24.875" level="INFO">${Date} = 2022-02-08 15:23:24</msg>
<status status="PASS" starttime="20220208 15:23:24.874" endtime="20220208 15:23:24.875"/>
</kw>
<kw name="Log To Console" library="BuiltIn">
<arg>${date}</arg>
<doc>Logs the given message to the console.</doc>
<status status="PASS" starttime="20220208 15:23:24.875" endtime="20220208 15:23:24.876"/>
</kw>
<status status="PASS" starttime="20220208 15:23:24.873" endtime="20220208 15:23:24.876"/>
</test>
<test id="s1-t3" name="TC3 Store Data">
<kw name="Set Local Variable" library="BuiltIn">
<arg>${name}</arg>
<arg>nandini</arg>
<doc>Makes a variable available everywhere within the local scope.</doc>
<msg timestamp="20220208 15:23:24.879" level="INFO">${name} = nandini</msg>
<status status="PASS" starttime="20220208 15:23:24.879" endtime="20220208 15:23:24.879"/>
</kw>
<kw name="Log To Console" library="BuiltIn">
<arg>${name}</arg>
<doc>Logs the given message to the console.</doc>
<status status="PASS" starttime="20220208 15:23:24.880" endtime="20220208 15:23:24.880"/>
</kw>
<kw name="Set Variable" library="BuiltIn">
<var>${title}</var>
<arg>robotframeworksession</arg>
<doc>Returns the given values which can then be assigned to a variables.</doc>
<msg timestamp="20220208 15:23:24.881" level="INFO">${title} = robotframeworksession</msg>
<status status="PASS" starttime="20220208 15:23:24.881" endtime="20220208 15:23:24.881"/>
</kw>
<kw name="Log To Console" library="BuiltIn">
<arg>${title}</arg>
<doc>Logs the given message to the console.</doc>
<status status="PASS" starttime="20220208 15:23:24.882" endtime="20220208 15:23:24.882"/>
</kw>
<status status="PASS" starttime="20220208 15:23:24.878" endtime="20220208 15:23:24.883"/>
</test>
<test id="s1-t4" name="TC4 Add Number">
<kw name="Set Local Variable" library="BuiltIn">
<arg>${num1}</arg>
<arg>25</arg>
<doc>Makes a variable available everywhere within the local scope.</doc>
<msg timestamp="20220208 15:23:24.886" level="INFO">${num1} = 25</msg>
<status status="PASS" starttime="20220208 15:23:24.885" endtime="20220208 15:23:24.886"/>
</kw>
<kw name="Set Local Variable" library="BuiltIn">
<arg>${num2}</arg>
<arg>30</arg>
<doc>Makes a variable available everywhere within the local scope.</doc>
<msg timestamp="20220208 15:23:24.887" level="INFO">${num2} = 30</msg>
<status status="PASS" starttime="20220208 15:23:24.886" endtime="20220208 15:23:24.887"/>
</kw>
<kw name="Evaluate" library="BuiltIn">
<var>${sum}</var>
<arg>${num1}+${num2}</arg>
<doc>Evaluates the given expression in Python and returns the result.</doc>
<msg timestamp="20220208 15:23:24.888" level="INFO">${sum} = 55</msg>
<status status="PASS" starttime="20220208 15:23:24.887" endtime="20220208 15:23:24.888"/>
</kw>
<kw name="Log To Console" library="BuiltIn">
<arg>${sum}</arg>
<doc>Logs the given message to the console.</doc>
<status status="PASS" starttime="20220208 15:23:24.888" endtime="20220208 15:23:24.888"/>
</kw>
<status status="PASS" starttime="20220208 15:23:24.884" endtime="20220208 15:23:24.889"/>
</test>
<test id="s1-t5" name="TC6">
<kw name="Set Local Variable" library="BuiltIn">
<arg>${browser}</arg>
<arg>chrome</arg>
<doc>Makes a variable available everywhere within the local scope.</doc>
<msg timestamp="20220208 15:23:24.892" level="INFO">${browser} = chrome</msg>
<status status="PASS" starttime="20220208 15:23:24.891" endtime="20220208 15:23:24.892"/>
</kw>
<if>
<branch type="IF" condition="'${browser}'=='chrome'">
<kw name="Log To Console" library="BuiltIn">
<arg>Yes its chrome</arg>
<doc>Logs the given message to the console.</doc>
<status status="PASS" starttime="20220208 15:23:24.893" endtime="20220208 15:23:24.893"/>
</kw>
<status status="PASS" starttime="20220208 15:23:24.893" endtime="20220208 15:23:24.893"/>
</branch>
<branch type="ELSE">
<kw name="Log To Console" library="BuiltIn">
<arg>no! its not chrome</arg>
<doc>Logs the given message to the console.</doc>
<status status="NOT RUN" starttime="20220208 15:23:24.893" endtime="20220208 15:23:24.893"/>
</kw>
<status status="NOT RUN" starttime="20220208 15:23:24.893" endtime="20220208 15:23:24.893"/>
</branch>
<status status="PASS" starttime="20220208 15:23:24.892" endtime="20220208 15:23:24.893"/>
</if>
<status status="PASS" starttime="20220208 15:23:24.891" endtime="20220208 15:23:24.894"/>
</test>
<test id="s1-t6" name="TC7">
<for flavor="IN">
<var>${i}</var>
<value>RANGE</value>
<value>1</value>
<value>11</value>
<value>1</value>
<iter>
<var name="${i}">RANGE</var>
<kw name="Log To Console" library="BuiltIn">
<arg>${i}</arg>
<doc>Logs the given message to the console.</doc>
<status status="PASS" starttime="20220208 15:23:24.896" endtime="20220208 15:23:24.896"/>
</kw>
<status status="PASS" starttime="20220208 15:23:24.896" endtime="20220208 15:23:24.897"/>
</iter>
<iter>
<var name="${i}">1</var>
<kw name="Log To Console" library="BuiltIn">
<arg>${i}</arg>
<doc>Logs the given message to the console.</doc>
<status status="PASS" starttime="20220208 15:23:24.897" endtime="20220208 15:23:24.898"/>
</kw>
<status status="PASS" starttime="20220208 15:23:24.897" endtime="20220208 15:23:24.898"/>
</iter>
<iter>
<var name="${i}">11</var>
<kw name="Log To Console" library="BuiltIn">
<arg>${i}</arg>
<doc>Logs the given message to the console.</doc>
<status status="PASS" starttime="20220208 15:23:24.898" endtime="20220208 15:23:24.899"/>
</kw>
<status status="PASS" starttime="20220208 15:23:24.898" endtime="20220208 15:23:24.899"/>
</iter>
<iter>
<var name="${i}">1</var>
<kw name="Log To Console" library="BuiltIn">
<arg>${i}</arg>
<doc>Logs the given message to the console.</doc>
<status status="PASS" starttime="20220208 15:23:24.899" endtime="20220208 15:23:24.900"/>
</kw>
<status status="PASS" starttime="20220208 15:23:24.899" endtime="20220208 15:23:24.900"/>
</iter>
<status status="PASS" starttime="20220208 15:23:24.896" endtime="20220208 15:23:24.900"/>
</for>
<status status="PASS" starttime="20220208 15:23:24.895" endtime="20220208 15:23:24.900"/>
</test>
<status status="PASS" starttime="20220208 15:23:24.772" endtime="20220208 15:23:24.902"/>
</suite>
<statistics>
<total>
<stat pass="6" fail="0" skip="0">All Tests</stat>
</total>
<tag>
</tag>
<suite>
<stat pass="6" fail="0" skip="0" id="s1" name="Demo1">Demo1</stat>
</suite>
</statistics>
<errors>
</errors>
</robot>
